{"/home/alex/Documentos/aws/proyect_tech_and_solve/src/controllers/editProduct.controller.ts": {"path":"/home/alex/Documentos/aws/proyect_tech_and_solve/src/controllers/editProduct.controller.ts","statementMap":{"0":{"start":{"line":3,"column":0},"end":{"line":3,"column":45}},"1":{"start":{"line":7,"column":38},"end":{"line":16,"column":null}},"2":{"start":{"line":7,"column":91},"end":{"line":16,"column":null}},"3":{"start":{"line":8,"column":4},"end":{"line":14,"column":null}},"4":{"start":{"line":9,"column":23},"end":{"line":9,"column":33}},"5":{"start":{"line":10,"column":28},"end":{"line":10,"column":94}},"6":{"start":{"line":11,"column":8},"end":{"line":11,"column":null}},"7":{"start":{"line":13,"column":8},"end":{"line":13,"column":null}},"8":{"start":{"line":7,"column":13},"end":{"line":7,"column":38}},"9":{"start":{"line":18,"column":42},"end":{"line":26,"column":null}},"10":{"start":{"line":18,"column":95},"end":{"line":26,"column":null}},"11":{"start":{"line":19,"column":4},"end":{"line":25,"column":null}},"12":{"start":{"line":20,"column":23},"end":{"line":20,"column":33}},"13":{"start":{"line":21,"column":28},"end":{"line":21,"column":86}},"14":{"start":{"line":22,"column":8},"end":{"line":22,"column":null}},"15":{"start":{"line":24,"column":8},"end":{"line":24,"column":null}},"16":{"start":{"line":18,"column":13},"end":{"line":18,"column":42}}},"fnMap":{"0":{"name":"(anonymous_8)","decl":{"start":{"line":7,"column":38},"end":{"line":7,"column":45}},"loc":{"start":{"line":7,"column":91},"end":{"line":16,"column":null}}},"1":{"name":"(anonymous_9)","decl":{"start":{"line":7,"column":91},"end":{"line":7,"column":null}},"loc":{"start":{"line":7,"column":91},"end":{"line":16,"column":1}}},"2":{"name":"(anonymous_10)","decl":{"start":{"line":18,"column":42},"end":{"line":18,"column":49}},"loc":{"start":{"line":18,"column":95},"end":{"line":26,"column":null}}},"3":{"name":"(anonymous_11)","decl":{"start":{"line":18,"column":95},"end":{"line":18,"column":null}},"loc":{"start":{"line":18,"column":95},"end":{"line":26,"column":1}}}},"branchMap":{},"s":{"0":1,"1":1,"2":0,"3":0,"4":0,"5":0,"6":0,"7":0,"8":1,"9":1,"10":0,"11":0,"12":0,"13":0,"14":0,"15":0,"16":1},"f":{"0":0,"1":0,"2":0,"3":0},"b":{}}
,"/home/alex/Documentos/aws/proyect_tech_and_solve/src/controllers/filterProduct.controller.ts": {"path":"/home/alex/Documentos/aws/proyect_tech_and_solve/src/controllers/filterProduct.controller.ts","statementMap":{"0":{"start":{"line":3,"column":0},"end":{"line":3,"column":45}},"1":{"start":{"line":6,"column":40},"end":{"line":14,"column":null}},"2":{"start":{"line":6,"column":93},"end":{"line":14,"column":null}},"3":{"start":{"line":7,"column":4},"end":{"line":13,"column":null}},"4":{"start":{"line":8,"column":34},"end":{"line":8,"column":43}},"5":{"start":{"line":9,"column":35},"end":{"line":9,"column":126}},"6":{"start":{"line":10,"column":8},"end":{"line":10,"column":null}},"7":{"start":{"line":12,"column":8},"end":{"line":12,"column":null}},"8":{"start":{"line":6,"column":13},"end":{"line":6,"column":40}}},"fnMap":{"0":{"name":"(anonymous_8)","decl":{"start":{"line":6,"column":40},"end":{"line":6,"column":47}},"loc":{"start":{"line":6,"column":93},"end":{"line":14,"column":null}}},"1":{"name":"(anonymous_9)","decl":{"start":{"line":6,"column":93},"end":{"line":6,"column":null}},"loc":{"start":{"line":6,"column":93},"end":{"line":14,"column":1}}}},"branchMap":{},"s":{"0":1,"1":1,"2":0,"3":0,"4":0,"5":0,"6":0,"7":0,"8":1},"f":{"0":0,"1":0},"b":{}}
,"/home/alex/Documentos/aws/proyect_tech_and_solve/src/controllers/product.controller.ts": {"path":"/home/alex/Documentos/aws/proyect_tech_and_solve/src/controllers/product.controller.ts","statementMap":{"0":{"start":{"line":3,"column":0},"end":{"line":3,"column":45}},"1":{"start":{"line":5,"column":37},"end":{"line":14,"column":null}},"2":{"start":{"line":5,"column":90},"end":{"line":14,"column":null}},"3":{"start":{"line":6,"column":4},"end":{"line":13,"column":null}},"4":{"start":{"line":7,"column":54},"end":{"line":7,"column":62}},"5":{"start":{"line":8,"column":27},"end":{"line":8,"column":79}},"6":{"start":{"line":9,"column":8},"end":{"line":9,"column":null}},"7":{"start":{"line":10,"column":8},"end":{"line":10,"column":null}},"8":{"start":{"line":12,"column":8},"end":{"line":12,"column":null}},"9":{"start":{"line":5,"column":13},"end":{"line":5,"column":37}},"10":{"start":{"line":16,"column":38},"end":{"line":23,"column":null}},"11":{"start":{"line":16,"column":91},"end":{"line":23,"column":null}},"12":{"start":{"line":17,"column":4},"end":{"line":22,"column":null}},"13":{"start":{"line":18,"column":30},"end":{"line":18,"column":68}},"14":{"start":{"line":19,"column":8},"end":{"line":19,"column":null}},"15":{"start":{"line":21,"column":8},"end":{"line":21,"column":null}},"16":{"start":{"line":16,"column":13},"end":{"line":16,"column":38}},"17":{"start":{"line":25,"column":37},"end":{"line":33,"column":null}},"18":{"start":{"line":25,"column":90},"end":{"line":33,"column":null}},"19":{"start":{"line":26,"column":4},"end":{"line":32,"column":null}},"20":{"start":{"line":27,"column":23},"end":{"line":27,"column":33}},"21":{"start":{"line":28,"column":8},"end":{"line":28,"column":null}},"22":{"start":{"line":29,"column":8},"end":{"line":29,"column":null}},"23":{"start":{"line":31,"column":8},"end":{"line":31,"column":null}},"24":{"start":{"line":25,"column":13},"end":{"line":25,"column":37}}},"fnMap":{"0":{"name":"(anonymous_8)","decl":{"start":{"line":5,"column":37},"end":{"line":5,"column":44}},"loc":{"start":{"line":5,"column":90},"end":{"line":14,"column":null}}},"1":{"name":"(anonymous_9)","decl":{"start":{"line":5,"column":90},"end":{"line":5,"column":null}},"loc":{"start":{"line":5,"column":90},"end":{"line":14,"column":1}}},"2":{"name":"(anonymous_10)","decl":{"start":{"line":16,"column":38},"end":{"line":16,"column":45}},"loc":{"start":{"line":16,"column":91},"end":{"line":23,"column":null}}},"3":{"name":"(anonymous_11)","decl":{"start":{"line":16,"column":91},"end":{"line":16,"column":null}},"loc":{"start":{"line":16,"column":91},"end":{"line":23,"column":1}}},"4":{"name":"(anonymous_12)","decl":{"start":{"line":25,"column":37},"end":{"line":25,"column":44}},"loc":{"start":{"line":25,"column":90},"end":{"line":33,"column":null}}},"5":{"name":"(anonymous_13)","decl":{"start":{"line":25,"column":90},"end":{"line":25,"column":null}},"loc":{"start":{"line":25,"column":90},"end":{"line":33,"column":1}}}},"branchMap":{},"s":{"0":1,"1":1,"2":0,"3":0,"4":0,"5":0,"6":0,"7":0,"8":0,"9":1,"10":1,"11":1,"12":1,"13":1,"14":0,"15":0,"16":1,"17":1,"18":0,"19":0,"20":0,"21":0,"22":0,"23":0,"24":1},"f":{"0":0,"1":0,"2":1,"3":1,"4":0,"5":0},"b":{}}
,"/home/alex/Documentos/aws/proyect_tech_and_solve/src/models/product.model.ts": {"path":"/home/alex/Documentos/aws/proyect_tech_and_solve/src/models/product.model.ts","statementMap":{"0":{"start":{"line":1,"column":0},"end":{"line":1,"column":40}},"1":{"start":{"line":3,"column":22},"end":{"line":20,"column":2}},"2":{"start":{"line":22,"column":0},"end":{"line":22,"column":null}}},"fnMap":{},"branchMap":{},"s":{"0":1,"1":1,"2":1},"f":{},"b":{}}
,"/home/alex/Documentos/aws/proyect_tech_and_solve/src/router/product.routes.ts": {"path":"/home/alex/Documentos/aws/proyect_tech_and_solve/src/router/product.routes.ts","statementMap":{"0":{"start":{"line":1,"column":0},"end":{"line":1,"column":32}},"1":{"start":{"line":2,"column":0},"end":{"line":2,"column":96}},"2":{"start":{"line":3,"column":0},"end":{"line":3,"column":90}},"3":{"start":{"line":4,"column":0},"end":{"line":4,"column":74}},"4":{"start":{"line":6,"column":15},"end":{"line":6,"column":23}},"5":{"start":{"line":102,"column":0},"end":{"line":102,"column":null}},"6":{"start":{"line":126,"column":0},"end":{"line":126,"column":null}},"7":{"start":{"line":146,"column":0},"end":{"line":146,"column":null}},"8":{"start":{"line":166,"column":0},"end":{"line":166,"column":null}},"9":{"start":{"line":192,"column":0},"end":{"line":192,"column":null}},"10":{"start":{"line":212,"column":0},"end":{"line":212,"column":null}},"11":{"start":{"line":214,"column":0},"end":{"line":214,"column":null}}},"fnMap":{},"branchMap":{},"s":{"0":1,"1":1,"2":1,"3":1,"4":1,"5":1,"6":1,"7":1,"8":1,"9":1,"10":1,"11":1},"f":{},"b":{}}
}
